<?xml version="1.0" encoding="UTF-8"?>
<testng-results skipped="0" failed="0" ignored="0" total="1" passed="1">
  <reporter-output>
  </reporter-output>
  <suite name="TestHelloWorld" duration-ms="23" started-at="2022-09-16T11:24:22Z" finished-at="2022-09-16T11:24:22Z">
    <groups>
    </groups>
    <test name="Command line test" duration-ms="23" started-at="2022-09-16T11:24:22Z" finished-at="2022-09-16T11:24:22Z">
      <class name="TestHelloWorld">
        <test-method status="PASS" signature="testHelloWorld()[pri:0, instance:TestHelloWorld@7dc36524]" name="testHelloWorld" duration-ms="5" started-at="2022-09-16T11:24:22Z" finished-at="2022-09-16T11:24:22Z">
          <reporter-output>
          </reporter-output>
        </test-method> <!-- testHelloWorld -->
      </class> <!-- TestHelloWorld -->
    </test> <!-- Command line test -->
  </suite> <!-- TestHelloWorld -->
</testng-results>
